# JRE version: Java(TM) SE Runtime Environment (8.0_91-b14) (build 1.8.0_91-b14)
# Java VM: Java HotSpot(TM) 64-Bit Server VM (25.91-b14 mixed mode linux-amd64 compressed oops)
Heap:
 PSYoungGen      total 232960K, used 85688K [0x00000000eab00000, 0x0000000100000000, 0x0000000100000000)
  eden space 116736K, 0% used [0x00000000eab00000,0x00000000eab00000,0x00000000f1d00000)
  from space 116224K, 73% used [0x00000000f8e80000,0x00000000fe22e0a8,0x0000000100000000)
  to   space 116224K, 0% used [0x00000000f1d00000,0x00000000f1d00000,0x00000000f8e80000)
 ParOldGen       total 468480K, used 468179K [0x00000000c0000000, 0x00000000dc980000, 0x00000000eab00000)
  object space 468480K, 99% used [0x00000000c0000000,0x00000000dc934c60,0x00000000dc980000)
 Metaspace       used 6609K, capacity 7320K, committed 7680K, reserved 1056768K
  class space    used 617K, capacity 656K, committed 768K, reserved 1048576K
GC Heap History (10 events):
Event: 21.532 GC heap after
Heap after GC invocations=28 (full 4):
 PSYoungGen      total 232960K, used 105249K [0x00000000eab00000, 0x0000000100000000, 0x0000000100000000)
  eden space 116736K, 0% used [0x00000000eab00000,0x00000000eab00000,0x00000000f1d00000)
  from space 116224K, 90% used [0x00000000f8e80000,0x00000000ff5484d8,0x0000000100000000)
  to   space 116224K, 0% used [0x00000000f1d00000,0x00000000f1d00000,0x00000000f8e80000)
 ParOldGen       total 468480K, used 322391K [0x00000000c0000000, 0x00000000dc980000, 0x00000000eab00000)
  object space 468480K, 68% used [0x00000000c0000000,0x00000000d3ad5ef8,0x00000000dc980000)
 Metaspace       used 6607K, capacity 7320K, committed 7680K, reserved 1056768K
  class space    used 617K, capacity 656K, committed 768K, reserved 1048576K
}
Event: 21.902 GC heap before
{Heap before GC invocations=29 (full 4):
 PSYoungGen      total 232960K, used 221985K [0x00000000eab00000, 0x0000000100000000, 0x0000000100000000)
  eden space 116736K, 100% used [0x00000000eab00000,0x00000000f1d00000,0x00000000f1d00000)
  from space 116224K, 90% used [0x00000000f8e80000,0x00000000ff5484d8,0x0000000100000000)
  to   space 116224K, 0% used [0x00000000f1d00000,0x00000000f1d00000,0x00000000f8e80000)
 ParOldGen       total 468480K, used 322391K [0x00000000c0000000, 0x00000000dc980000, 0x00000000eab00000)
  object space 468480K, 68% used [0x00000000c0000000,0x00000000d3ad5ef8,0x00000000dc980000)
 Metaspace       used 6609K, capacity 7320K, committed 7680K, reserved 1056768K
  class space    used 617K, capacity 656K, committed 768K, reserved 1048576K
Event: 22.040 GC heap after
Heap after GC invocations=29 (full 4):
 PSYoungGen      total 232960K, used 111816K [0x00000000eab00000, 0x0000000100000000, 0x0000000100000000)
  eden space 116736K, 0% used [0x00000000eab00000,0x00000000eab00000,0x00000000f1d00000)
  from space 116224K, 96% used [0x00000000f1d00000,0x00000000f8a32160,0x00000000f8e80000)
  to   space 116224K, 0% used [0x00000000f8e80000,0x00000000f8e80000,0x0000000100000000)
 ParOldGen       total 468480K, used 335376K [0x00000000c0000000, 0x00000000dc980000, 0x00000000eab00000)
  object space 468480K, 71% used [0x00000000c0000000,0x00000000d4784038,0x00000000dc980000)
 Metaspace       used 6609K, capacity 7320K, committed 7680K, reserved 1056768K
  class space    used 617K, capacity 656K, committed 768K, reserved 1048576K
}
Event: 22.396 GC heap before
{Heap before GC invocations=30 (full 4):
 PSYoungGen      total 232960K, used 228552K [0x00000000eab00000, 0x0000000100000000, 0x0000000100000000)
  eden space 116736K, 100% used [0x00000000eab00000,0x00000000f1d00000,0x00000000f1d00000)
  from space 116224K, 96% used [0x00000000f1d00000,0x00000000f8a32160,0x00000000f8e80000)
  to   space 116224K, 0% used [0x00000000f8e80000,0x00000000f8e80000,0x0000000100000000)
 ParOldGen       total 468480K, used 335376K [0x00000000c0000000, 0x00000000dc980000, 0x00000000eab00000)
  object space 468480K, 71% used [0x00000000c0000000,0x00000000d4784038,0x00000000dc980000)
 Metaspace       used 6609K, capacity 7320K, committed 7680K, reserved 1056768K
  class space    used 617K, capacity 656K, committed 768K, reserved 1048576K
Event: 22.546 GC heap after
Heap after GC invocations=30 (full 4):
 PSYoungGen      total 232960K, used 90244K [0x00000000eab00000, 0x0000000100000000, 0x0000000100000000)
  eden space 116736K, 0% used [0x00000000eab00000,0x00000000eab00000,0x00000000f1d00000)
  from space 116224K, 77% used [0x00000000f8e80000,0x00000000fe6a11b8,0x0000000100000000)
  to   space 116224K, 0% used [0x00000000f1d00000,0x00000000f1d00000,0x00000000f8e80000)
 ParOldGen       total 468480K, used 372566K [0x00000000c0000000, 0x00000000dc980000, 0x00000000eab00000)
  object space 468480K, 79% used [0x00000000c0000000,0x00000000d6bd5aa8,0x00000000dc980000)
 Metaspace       used 6609K, capacity 7320K, committed 7680K, reserved 1056768K
  class space    used 617K, capacity 656K, committed 768K, reserved 1048576K
}
Event: 22.907 GC heap before
{Heap before GC invocations=31 (full 4):
 PSYoungGen      total 232960K, used 206980K [0x00000000eab00000, 0x0000000100000000, 0x0000000100000000)
  eden space 116736K, 100% used [0x00000000eab00000,0x00000000f1d00000,0x00000000f1d00000)
  from space 116224K, 77% used [0x00000000f8e80000,0x00000000fe6a11b8,0x0000000100000000)
  to   space 116224K, 0% used [0x00000000f1d00000,0x00000000f1d00000,0x00000000f8e80000)
 ParOldGen       total 468480K, used 372566K [0x00000000c0000000, 0x00000000dc980000, 0x00000000eab00000)
  object space 468480K, 79% used [0x00000000c0000000,0x00000000d6bd5aa8,0x00000000dc980000)
 Metaspace       used 6609K, capacity 7320K, committed 7680K, reserved 1056768K
  class space    used 617K, capacity 656K, committed 768K, reserved 1048576K
Event: 23.864 GC heap after
Heap after GC invocations=31 (full 4):
 PSYoungGen      total 232960K, used 75897K [0x00000000eab00000, 0x0000000100000000, 0x0000000100000000)
  eden space 116736K, 0% used [0x00000000eab00000,0x00000000eab00000,0x00000000f1d00000)
  from space 116224K, 65% used [0x00000000f1d00000,0x00000000f671e5c0,0x00000000f8e80000)
  to   space 116224K, 0% used [0x00000000f8e80000,0x00000000f8e80000,0x0000000100000000)
 ParOldGen       total 468480K, used 405853K [0x00000000c0000000, 0x00000000dc980000, 0x00000000eab00000)
  object space 468480K, 86% used [0x00000000c0000000,0x00000000d8c57410,0x00000000dc980000)
 Metaspace       used 6609K, capacity 7320K, committed 7680K, reserved 1056768K
  class space    used 617K, capacity 656K, committed 768K, reserved 1048576K
}
Event: 24.452 GC heap before
{Heap before GC invocations=32 (full 4):
 PSYoungGen      total 232960K, used 192633K [0x00000000eab00000, 0x0000000100000000, 0x0000000100000000)
  eden space 116736K, 100% used [0x00000000eab00000,0x00000000f1d00000,0x00000000f1d00000)
  from space 116224K, 65% used [0x00000000f1d00000,0x00000000f671e5c0,0x00000000f8e80000)
  to   space 116224K, 0% used [0x00000000f8e80000,0x00000000f8e80000,0x0000000100000000)
 ParOldGen       total 468480K, used 405853K [0x00000000c0000000, 0x00000000dc980000, 0x00000000eab00000)
  object space 468480K, 86% used [0x00000000c0000000,0x00000000d8c57410,0x00000000dc980000)
 Metaspace       used 6609K, capacity 7320K, committed 7680K, reserved 1056768K
  class space    used 617K, capacity 656K, committed 768K, reserved 1048576K
Event: 24.639 GC heap after
Heap after GC invocations=32 (full 4):
 PSYoungGen      total 232960K, used 111338K [0x00000000eab00000, 0x0000000100000000, 0x0000000100000000)
  eden space 116736K, 0% used [0x00000000eab00000,0x00000000eab00000,0x00000000f1d00000)
  from space 116224K, 95% used [0x00000000f8e80000,0x00000000ffb3ab00,0x0000000100000000)
  to   space 116224K, 0% used [0x00000000f1d00000,0x00000000f1d00000,0x00000000f8e80000)
 ParOldGen       total 468480K, used 444706K [0x00000000c0000000, 0x00000000dc980000, 0x00000000eab00000)
  object space 468480K, 94% used [0x00000000c0000000,0x00000000db248bb0,0x00000000dc980000)
 Metaspace       used 6609K, capacity 7320K, committed 7680K, reserved 1056768K
  class space    used 617K, capacity 656K, committed 768K, reserved 1048576K
}
Event: 24.639 GC heap before
{Heap before GC invocations=33 (full 5):
 PSYoungGen      total 232960K, used 111338K [0x00000000eab00000, 0x0000000100000000, 0x0000000100000000)
  eden space 116736K, 0% used [0x00000000eab00000,0x00000000eab00000,0x00000000f1d00000)
  from space 116224K, 95% used [0x00000000f8e80000,0x00000000ffb3ab00,0x0000000100000000)
  to   space 116224K, 0% used [0x00000000f1d00000,0x00000000f1d00000,0x00000000f8e80000)
 ParOldGen       total 468480K, used 444706K [0x00000000c0000000, 0x00000000dc980000, 0x00000000eab00000)
  object space 468480K, 94% used [0x00000000c0000000,0x00000000db248bb0,0x00000000dc980000)
 Metaspace       used 6609K, capacity 7320K, committed 7680K, reserved 1056768K
  class space    used 617K, capacity 656K, committed 768K, reserved 1048576K

